0 info it worked if it ends with ok
1 verbose cli [ 'node', '/usr/local/bin/npm', 'publish' ]
2 info using npm@3.5.2
3 info using node@v0.12.3
4 verbose publish [ '.' ]
5 silly cache add args [ '.', null ]
6 verbose cache add spec .
7 silly cache add parsed spec { raw: '.',
7 silly cache add   scope: null,
7 silly cache add   name: null,
7 silly cache add   rawSpec: '.',
7 silly cache add   spec: '/Users/dmacklin/Sites/yeoman/generator-foundation-browserify',
7 silly cache add   type: 'directory' }
8 verbose addLocalDirectory /Users/dmacklin/.npm/generator-foundation-browserify/0.2.4/package.tgz not in flight; packing
9 info lifecycle generator-foundation-browserify@0.2.4~prepublish: generator-foundation-browserify@0.2.4
10 silly lifecycle generator-foundation-browserify@0.2.4~prepublish: no script for prepublish, continuing
11 verbose tar pack [ '/Users/dmacklin/.npm/generator-foundation-browserify/0.2.4/package.tgz',
11 verbose tar pack   '/Users/dmacklin/Sites/yeoman/generator-foundation-browserify' ]
12 verbose tarball /Users/dmacklin/.npm/generator-foundation-browserify/0.2.4/package.tgz
13 verbose folder /Users/dmacklin/Sites/yeoman/generator-foundation-browserify
14 verbose addLocalTarball adding from inside cache /Users/dmacklin/.npm/generator-foundation-browserify/0.2.4/package.tgz
15 silly cache afterAdd generator-foundation-browserify@0.2.4
16 verbose afterAdd /Users/dmacklin/.npm/generator-foundation-browserify/0.2.4/package/package.json not in flight; writing
17 verbose afterAdd /Users/dmacklin/.npm/generator-foundation-browserify/0.2.4/package/package.json written
18 silly publish { name: 'generator-foundation-browserify',
18 silly publish   version: '0.2.4',
18 silly publish   description: 'Foundation 6, Sass, Gulp, Browserify, Babel for ECMAScript 6, BrowserSync Live Reloading',
18 silly publish   license: 'MIT',
18 silly publish   main: 'app/index.js',
18 silly publish   repository:
18 silly publish    { type: 'git',
18 silly publish      url: 'git+https://github.com/dougmacklin/generator-foundation-browserify.git' },
18 silly publish   author: { name: 'Doug Macklin', url: 'https://github.com/dougmacklin' },
18 silly publish   scripts: { test: 'mocha' },
18 silly publish   files: [ 'app' ],
18 silly publish   keywords: [ 'yeoman-generator' ],
18 silly publish   dependencies:
18 silly publish    { 'yeoman-generator': '^0.19.0',
18 silly publish      chalk: '^1.0.0',
18 silly publish      yosay: '^1.0.2' },
18 silly publish   devDependencies: { mocha: '*' },
18 silly publish   readme: '# Yeoman Foundation Generator\n\n[Yeoman](http://yeoman.io) generator for [Zurb Foundation](http://foundation.zurb.com/) with:\n\n* Foundation 6 (Foundation 5 option)\n* Sass compiling (LibSass / Compass options)\n* Browserify dependency bundling\n* Gulp automation\n* BrowserSync server with live reloading\n* Babel for ECMAScript 6 ([2015 preset](http://babeljs.io/docs/plugins/preset-es2015/))\n* Bourbon mixin library (option)\n* Jade templating engine (option)\n* Font Awesome (option)\n\n## Getting Started\n\nIf Yeoman isn\'t already installed:\n```\nnpm install -g yo\n```\n\nInstall the generator from [npm](https://www.npmjs.com/package/generator-foundation-browserify):\n```\nnpm install -g generator-foundation-browserify\n```\n\nNavigate to your target directory and initiate the generator:\n```\nyo foundation-browserify\n```\n\nRun `gulp` to start the server and watch for changes:\n```\ngulp\n```\n\nInclude the `--prod` flag to export production-ready minified files with ES2015 polyfills (note: increases gulp task time, leave off for dev purposes):\n```\ngulp --prod\n```\n\n## Editing\n\nEdit html/jade, scss and js files in the `src` directory\n\nGulp will serve finalized versions to the `build` directory\n\n## License\n\nMIT\n',
18 silly publish   readmeFilename: 'README.md',
18 silly publish   gitHead: 'c5c5b912a44180e22bc24d31613b09760ae28558',
18 silly publish   bugs: { url: 'https://github.com/dougmacklin/generator-foundation-browserify/issues' },
18 silly publish   homepage: 'https://github.com/dougmacklin/generator-foundation-browserify#readme',
18 silly publish   _id: 'generator-foundation-browserify@0.2.4',
18 silly publish   _shasum: 'a87bca5ae25b365f941ce0beb17480337e9a43e8',
18 silly publish   _from: '.' }
19 verbose getPublishConfig undefined
20 silly mapToRegistry name generator-foundation-browserify
21 silly mapToRegistry using default registry
22 silly mapToRegistry registry https://registry.npmjs.org/
23 silly mapToRegistry uri https://registry.npmjs.org/generator-foundation-browserify
24 verbose publish registryBase https://registry.npmjs.org/
25 silly publish uploading /Users/dmacklin/.npm/generator-foundation-browserify/0.2.4/package.tgz
26 verbose request uri https://registry.npmjs.org/generator-foundation-browserify
27 verbose request sending authorization for write operation
28 info attempt registry request try #1 at 10:48:51 AM
29 verbose request using bearer token for auth
30 verbose request id f2297b294f5790bb
31 http request PUT https://registry.npmjs.org/generator-foundation-browserify
32 http 403 https://registry.npmjs.org/generator-foundation-browserify
33 verbose headers { 'content-type': 'application/json',
33 verbose headers   'cache-control': 'max-age=300',
33 verbose headers   'content-length': '95',
33 verbose headers   'accept-ranges': 'bytes',
33 verbose headers   date: 'Thu, 21 Jan 2016 18:48:51 GMT',
33 verbose headers   via: '1.1 varnish',
33 verbose headers   connection: 'keep-alive',
33 verbose headers   'x-served-by': 'cache-sjc3124-SJC',
33 verbose headers   'x-cache': 'MISS',
33 verbose headers   'x-cache-hits': '0',
33 verbose headers   'x-timer': 'S1453402131.762364,VS0,VE165' }
34 verbose request invalidating /Users/dmacklin/.npm/registry.npmjs.org/generator-foundation-browserify on PUT
35 error publish Failed PUT 403
36 verbose stack Error: "You cannot publish over the previously published version 0.2.4." : generator-foundation-browserify
36 verbose stack     at makeError (/usr/local/lib/node_modules/npm/node_modules/npm-registry-client/lib/request.js:264:12)
36 verbose stack     at CachingRegistryClient.<anonymous> (/usr/local/lib/node_modules/npm/node_modules/npm-registry-client/lib/request.js:252:14)
36 verbose stack     at Request._callback (/usr/local/lib/node_modules/npm/node_modules/npm-registry-client/lib/request.js:172:14)
36 verbose stack     at Request.self.callback (/usr/local/lib/node_modules/npm/node_modules/request/request.js:198:22)
36 verbose stack     at Request.emit (events.js:110:17)
36 verbose stack     at Request.<anonymous> (/usr/local/lib/node_modules/npm/node_modules/request/request.js:1082:10)
36 verbose stack     at Request.emit (events.js:129:20)
36 verbose stack     at IncomingMessage.<anonymous> (/usr/local/lib/node_modules/npm/node_modules/request/request.js:1009:12)
36 verbose stack     at IncomingMessage.emit (events.js:129:20)
36 verbose stack     at _stream_readable.js:908:16
37 verbose statusCode 403
38 verbose pkgid generator-foundation-browserify
39 verbose cwd /Users/dmacklin/Sites/yeoman/generator-foundation-browserify
40 error Darwin 14.5.0
41 error argv "node" "/usr/local/bin/npm" "publish"
42 error node v0.12.3
43 error npm  v3.5.2
44 error code E403
45 error "You cannot publish over the previously published version 0.2.4." : generator-foundation-browserify
46 error If you need help, you may report this error at:
46 error     <https://github.com/npm/npm/issues>
47 verbose exit [ 1, true ]
